=== Run at 2026-07-17 17:40:00 ===

This repository is configured for Git LFS but 'git-lfs' was not found on your path. If you no longer wish to use Git LFS, remove this hook by deleting the 'post-commit' file in the hooks directory (set by 'core.hookspath'; usually '.git/hooks').

[main 3222d2e] Auto-commit: 2026-07-17 17:40:00
 3 files changed, 14 insertions(+), 31 deletions(-)
 delete mode 100644 .git_auto_push.sh.swp
fatal: could not read Username for 'https://github.com': Device not configured

=== Run at 2026-07-17 17:41:00 ===
=== Run at 2026-07-17 17:42:00 ===
=== Run at 2026-07-17 17:43:00 ===
=== Run at 2026-07-17 17:44:00 ===
=== Run at 2026-07-17 17:45:00 ===
=== Run at 2026-07-17 17:46:00 ===
=== Run at 2026-07-17 17:47:00 ===
=== Run at 2026-07-17 17:48:00 ===
=== Run at 2026-07-17 17:49:00 ===
=== Run at 2026-07-17 17:50:00 ===
=== Run at 2026-07-17 17:51:00 ===
=== Run at 2026-07-17 18:11:45 ===
=== Run at 2026-07-17 18:12:00 ===
=== Run at 2026-07-17 18:16:30 ===
=== Run at 2026-07-17 18:47:44 ===
=== Run at 2026-07-17 18:48:00 ===
=== Run at 2026-07-17 19:28:04 ===
=== Run at 2026-07-17 19:35:35 ===
=== Run at 2026-07-17 19:36:59 ===
=== Run at 2026-07-17 19:37:01 ===
=== Run at 2026-07-17 19:39:02 ===
=== Run at 2026-07-17 19:41:09 ===
=== Run at 2026-07-17 19:58:40 ===
=== Run at 2026-07-17 19:59:01 ===
=== Run at 2026-07-17 20:04:13 ===
=== Run at 2026-07-17 20:10:09 ===
=== Run at 2026-07-17 20:10:12 ===
=== Run at 2026-07-17 20:11:50 ===
=== Run at 2026-07-17 20:12:00 ===
